<?xml version="1.0" encoding="UTF-8"?>
<!-- Generated by org.testng.reporters.JUnitReportReporter -->
<testsuite hostname="Anchals-MacBook-Pro.local" failures="0" tests="6" name="JupiterAutomationTestcases.ContactPageTestcase" time="35.188" errors="0" timestamp="2022-04-24T22:37:35 IST" skipped="0">
  <testcase classname="JupiterAutomationTestcases.ContactPageTestcase" name="validate_error_message" time="6.603"/>
  <system-out/>
  <testcase classname="JupiterAutomationTestcases.ContactPageTestcase" name="validate_success_message" time="5.868"/>
  <system-out/>
  <testcase classname="JupiterAutomationTestcases.ContactPageTestcase" name="validate_success_message" time="5.516"/>
  <system-out/>
  <testcase classname="JupiterAutomationTestcases.ContactPageTestcase" name="validate_success_message" time="4.399"/>
  <system-out/>
  <testcase classname="JupiterAutomationTestcases.ContactPageTestcase" name="validate_success_message" time="7.464"/>
  <system-out/>
  <testcase classname="JupiterAutomationTestcases.ContactPageTestcase" name="validate_success_message" time="5.338"/>
  <system-out/>
</testsuite> <!-- JupiterAutomationTestcases.ContactPageTestcase -->
