<?xml version="1.0" encoding="UTF-8"?>
<!-- Generated by org.testng.reporters.JUnitReportReporter -->
<testsuite hostname="Anchals-MacBook-Pro.local" failures="0" tests="1" name="JupiterAutomationTestcases.AddProductTestcase" time="5.523" errors="0" timestamp="2022-04-24T22:37:35 IST" skipped="0">
  <testcase classname="JupiterAutomationTestcases.AddProductTestcase" name="add_product" time="5.523"/>
  <system-out/>
</testsuite> <!-- JupiterAutomationTestcases.AddProductTestcase -->
