<?xml version="1.0" encoding="UTF-8"?>
<!-- Generated by org.testng.reporters.JUnitReportReporter -->
<testsuite hostname="Anchals-MacBook-Pro.local" failures="0" tests="1" name="JupiterAutomationTestcases.Testcase" time="5.004" errors="0" timestamp="2022-04-23T13:30:53 IST" skipped="0">
  <testcase classname="JupiterAutomationTestcases.Testcase" name="navigate_to_homepage_click_on_getstarted" time="5.004"/>
  <system-out/>
</testsuite> <!-- JupiterAutomationTestcases.Testcase -->
